objc[86382]: Class JavaLaunchHelper is implemented in both /Library/Java/JavaVirtualMachines/jdk1.7.0_67.jdk/Contents/Home/bin/java (0x100faa4c0) and /Library/Java/JavaVirtualMachines/jdk1.7.0_67.jdk/Contents/Home/jre/lib/libinstrument.dylib (0x10106c4e0). One of the two will be used. Which one is undefined.
Simulator: loading configuration
ConfigProperties: File newscast.cfg loaded.
Simulator: starting experiment 0 invoking peersim.cdsim.CDSimulator



Random seed: 1234567890
CDSimulator: resetting
Network: no node defined, using GeneralNode
CDSimulator: running initializers
- Running initializer init.rnd: class peersim.dynamics.WireKOut
control.1: CDSimulator: loaded controls [control.1, control.shf]
CDSimulator: starting simulation
3.8246743163190773E-4 
control.1: CDSimulator: cycle 0 done
0.0015059338658082848 
control.1: CDSimulator: cycle 1 done
0.00688092427105208 
CDSimulator: cycle 2 done
control.1: 0.04538193202030271 
CDSimulator: cycle 3 done
control.1: 0.06434957290993927 
CDSimulator: cycle 4 done
control.1: 0.06637961927056704 
control.1: CDSimulator: cycle 5 done
0.06777871069307101 
control.1: CDSimulator: cycle 6 done
